<?xml version="1.0" encoding="UTF-8"?>
<testsuite name="org.example.service.TodoServiceTest" tests="3" skipped="0" failures="0" errors="0" timestamp="2022-03-01T13:00:48" hostname="DESKTOP-MBRJC78" time="0.421">
  <properties/>
  <testcase name="searchById()" classname="org.example.service.TodoServiceTest" time="0.414"/>
  <testcase name="searchByIdFailed()" classname="org.example.service.TodoServiceTest" time="0.004"/>
  <testcase name="add()" classname="org.example.service.TodoServiceTest" time="0.002"/>
  <system-out><![CDATA[]]></system-out>
  <system-err><![CDATA[]]></system-err>
</testsuite>
