<?xml version="1.0" encoding="UTF-8"?>
<testsuite name="DollarCalculatorTest" tests="1" skipped="0" failures="0" errors="0" timestamp="2022-04-02T20:24:05" hostname="DESKTOP-MBRJC78" time="0.015">
  <properties/>
  <testcase name="dollarTest()" classname="DollarCalculatorTest" time="0.015"/>
  <system-out><![CDATA[22000
]]></system-out>
  <system-err><![CDATA[]]></system-err>
</testsuite>
